<?xml version="1.0" encoding="UTF-8"?>
<testsuite xmlns:xsi="http://www.w3.org/2001/XMLSchema-instance" xsi:noNamespaceSchemaLocation="https://maven.apache.org/surefire/maven-surefire-plugin/xsd/surefire-test-report-3.0.xsd" version="3.0" name="com.example.demo.WebTest" time="1.084" tests="1" errors="0" skipped="0" failures="0">
  <properties>
[...]
</properties>
  <testcase name="isStatusTest" classname="com.example.demo.WebTest" time="0.028">
    <system-out><![CDATA[2022-10-07 15:38:55.193  INFO 2148 --- [           main] .b.t.c.SpringBootTestContextBootstrapper : Neither @ContextConfiguration nor @ContextHierarchy found for test class [com.example.demo.WebTest], using SpringBootContextLoader
2022-10-07 15:38:55.193  INFO 2148 --- [           main] o.s.t.c.support.AbstractContextLoader    : Could not detect default resource locations for test class [com.example.demo.WebTest]: no resource found for suffixes {-context.xml, Context.groovy}.
2022-10-07 15:38:55.197  INFO 2148 --- [           main] t.c.s.AnnotationConfigContextLoaderUtils : Could not detect default configuration classes for test class [com.example.demo.WebTest]: WebTest does not declare any static, non-private, non-final, nested classes annotated with @Configuration.
2022-10-07 15:38:55.200  INFO 2148 --- [           main] .b.t.c.SpringBootTestContextBootstrapper : Found @SpringBootConfiguration com.example.demo.NoDiApplication for test class com.example.demo.WebTest
2022-10-07 15:38:55.204  INFO 2148 --- [           main] .b.t.c.SpringBootTestContextBootstrapper : Loaded default TestExecutionListener class names from location [META-INF/spring.factories]: [org.springframework.boot.test.mock.mockito.MockitoTestExecutionListener, org.springframework.boot.test.mock.mockito.ResetMocksTestExecutionListener, org.springframework.boot.test.autoconfigure.restdocs.RestDocsTestExecutionListener, org.springframework.boot.test.autoconfigure.web.client.MockRestServiceServerResetTestExecutionListener, org.springframework.boot.test.autoconfigure.web.servlet.MockMvcPrintOnlyOnFailureTestExecutionListener, org.springframework.boot.test.autoconfigure.web.servlet.WebDriverTestExecutionListener, org.springframework.boot.test.autoconfigure.webservices.client.MockWebServiceServerTestExecutionListener, org.springframework.test.context.web.ServletTestExecutionListener, org.springframework.test.context.support.DirtiesContextBeforeModesTestExecutionListener, org.springframework.test.context.event.ApplicationEventsTestExecutionListener, org.springframework.test.context.support.DependencyInjectionTestExecutionListener, org.springframework.test.context.support.DirtiesContextTestExecutionListener, org.springframework.test.context.transaction.TransactionalTestExecutionListener, org.springframework.test.context.jdbc.SqlScriptsTestExecutionListener, org.springframework.test.context.event.EventPublishingTestExecutionListener]
2022-10-07 15:38:55.204  INFO 2148 --- [           main] .b.t.c.SpringBootTestContextBootstrapper : Using TestExecutionListeners: [org.springframework.test.context.web.ServletTestExecutionListener@75120e58, org.springframework.test.context.support.DirtiesContextBeforeModesTestExecutionListener@48976e6d, org.springframework.test.context.event.ApplicationEventsTestExecutionListener@2a367e93, org.springframework.boot.test.mock.mockito.MockitoTestExecutionListener@7f6874f2, org.springframework.boot.test.autoconfigure.SpringBootDependencyInjectionTestExecutionListener@1a6dc589, org.springframework.test.context.support.DirtiesContextTestExecutionListener@697a34af, org.springframework.test.context.event.EventPublishingTestExecutionListener@70211df5, org.springframework.boot.test.mock.mockito.ResetMocksTestExecutionListener@4c5228e7, org.springframework.boot.test.autoconfigure.restdocs.RestDocsTestExecutionListener@38e7ed69, org.springframework.boot.test.autoconfigure.web.client.MockRestServiceServerResetTestExecutionListener@806996, org.springframework.boot.test.autoconfigure.web.servlet.MockMvcPrintOnlyOnFailureTestExecutionListener@78b612c6, org.springframework.boot.test.autoconfigure.web.servlet.WebDriverTestExecutionListener@257e0827, org.springframework.boot.test.autoconfigure.webservices.client.MockWebServiceServerTestExecutionListener@22752544]

  .   ____          _            __ _ _
 /\\ / ___'_ __ _ _(_)_ __  __ _ \ \ \ \
( ( )\___ | '_ | '_| | '_ \/ _` | \ \ \ \
 \\/  ___)| |_)| | | | | || (_| |  ) ) ) )
  '  |____| .__|_| |_|_| |_\__, | / / / /
 =========|_|==============|___/=/_/_/_/
 :: Spring Boot ::                (v2.4.5)

2022-10-07 15:38:55.237  INFO 2148 --- [           main] com.example.demo.WebTest                 : Starting WebTest using Java 1.8.0_131 on HLP03-538 with PID 2148 (started by HLP03-538$ in C:\pleiades\workspace\NoDI)
2022-10-07 15:38:55.237  INFO 2148 --- [           main] com.example.demo.WebTest                 : No active profile set, falling back to default profiles: default
2022-10-07 15:38:55.921  INFO 2148 --- [           main] o.s.s.concurrent.ThreadPoolTaskExecutor  : Initializing ExecutorService 'applicationTaskExecutor'
2022-10-07 15:38:56.003  INFO 2148 --- [           main] o.s.b.a.w.s.WelcomePageHandlerMapping    : Adding welcome page template: index
2022-10-07 15:38:56.320  INFO 2148 --- [           main] com.example.demo.WebTest                 : Started WebTest in 1.112 seconds (JVM running for 7.283)
2022-10-07 15:38:56.339  INFO 2148 --- [           main] o.s.mock.web.MockServletContext          : Initializing Spring TestDispatcherServlet ''
2022-10-07 15:38:56.339  INFO 2148 --- [           main] o.s.t.web.servlet.TestDispatcherServlet  : Initializing Servlet ''
2022-10-07 15:38:56.339  INFO 2148 --- [           main] o.s.t.web.servlet.TestDispatcherServlet  : Completed initialization in 0 ms
]]></system-out>
  </testcase>
</testsuite>